# JRE version: OpenJDK Runtime Environment (18.0.2.1+1) (build 18.0.2.1+1-1)
# Java VM: OpenJDK 64-Bit Server VM (18.0.2.1+1-1, mixed mode, sharing, tiered, compressed oops, compressed class ptrs, g1 gc, windows-amd64)
GC Precious Log:
 CardTable entry size: 512
 Card Set container configuration: InlinePtr #cards 4 size 8 Array Of Cards #cards 16 size 48 Howl #buckets 8 coarsen threshold 3686 Howl Bitmap #cards 512 size 80 coarsen threshold 460 Card regions per heap region 1 cards per card region 4096
 CPUs: 8 total, 8 available
 Memory: 12069M
 Large Page Support: Disabled
 NUMA Support: Disabled
 Compressed Oops: Enabled (Zero based)
 Heap Region Size: 2M
 Heap Min Capacity: 8M
 Heap Initial Capacity: 190M
 Heap Max Capacity: 3018M
 Pre-touch: Disabled
 Parallel Workers: 8
 Concurrent Workers: 2
 Concurrent Refinement Workers: 8
 Periodic GC: Disabled
Heap:
 garbage-first heap   total 481280K, used 126896K [0x0000000743600000, 0x0000000800000000)
  region size 2048K, 1 young (2048K), 1 survivors (2048K)
 Metaspace       used 17200K, committed 17536K, reserved 1114112K
  class space    used 2509K, committed 2688K, reserved 1048576K
GC Heap History (20 events):
Event: 27.166 GC heap after
{Heap after GC invocations=8 (full 0):
 garbage-first heap   total 194560K, used 14292K [0x0000000743600000, 0x0000000800000000)
  region size 2048K, 4 young (8192K), 4 survivors (8192K)
 Metaspace       used 17200K, committed 17536K, reserved 1114112K
  class space    used 2509K, committed 2688K, reserved 1048576K
}
Event: 27.700 GC heap before
{Heap before GC invocations=8 (full 0):
 garbage-first heap   total 194560K, used 137172K [0x0000000743600000, 0x0000000800000000)
  region size 2048K, 57 young (116736K), 4 survivors (8192K)
 Metaspace       used 17200K, committed 17536K, reserved 1114112K
  class space    used 2509K, committed 2688K, reserved 1048576K
}
Event: 27.722 GC heap after
{Heap after GC invocations=9 (full 0):
 garbage-first heap   total 194560K, used 28780K [0x0000000743600000, 0x0000000800000000)
  region size 2048K, 4 young (8192K), 4 survivors (8192K)
 Metaspace       used 17200K, committed 17536K, reserved 1114112K
  class space    used 2509K, committed 2688K, reserved 1048576K
}
Event: 28.277 GC heap before
{Heap before GC invocations=9 (full 0):
 garbage-first heap   total 194560K, used 145516K [0x0000000743600000, 0x0000000800000000)
  region size 2048K, 57 young (116736K), 4 survivors (8192K)
 Metaspace       used 17200K, committed 17536K, reserved 1114112K
  class space    used 2509K, committed 2688K, reserved 1048576K
}
Event: 28.311 GC heap after
{Heap after GC invocations=10 (full 0):
 garbage-first heap   total 274432K, used 37198K [0x0000000743600000, 0x0000000800000000)
  region size 2048K, 4 young (8192K), 4 survivors (8192K)
 Metaspace       used 17200K, committed 17536K, reserved 1114112K
  class space    used 2509K, committed 2688K, reserved 1048576K
}
Event: 29.189 GC heap before
{Heap before GC invocations=10 (full 0):
 garbage-first heap   total 274432K, used 205134K [0x0000000743600000, 0x0000000800000000)
  region size 2048K, 80 young (163840K), 4 survivors (8192K)
 Metaspace       used 17200K, committed 17536K, reserved 1114112K
  class space    used 2509K, committed 2688K, reserved 1048576K
}
Event: 29.241 GC heap after
{Heap after GC invocations=11 (full 0):
 garbage-first heap   total 274432K, used 49345K [0x0000000743600000, 0x0000000800000000)
  region size 2048K, 4 young (8192K), 4 survivors (8192K)
 Metaspace       used 17200K, committed 17536K, reserved 1114112K
  class space    used 2509K, committed 2688K, reserved 1048576K
}
Event: 30.057 GC heap before
{Heap before GC invocations=11 (full 0):
 garbage-first heap   total 274432K, used 221377K [0x0000000743600000, 0x0000000800000000)
  region size 2048K, 80 young (163840K), 4 survivors (8192K)
 Metaspace       used 17200K, committed 17536K, reserved 1114112K
  class space    used 2509K, committed 2688K, reserved 1048576K
}
Event: 30.134 GC heap after
{Heap after GC invocations=12 (full 0):
 garbage-first heap   total 274432K, used 65926K [0x0000000743600000, 0x0000000800000000)
  region size 2048K, 4 young (8192K), 4 survivors (8192K)
 Metaspace       used 17200K, committed 17536K, reserved 1114112K
  class space    used 2509K, committed 2688K, reserved 1048576K
}
Event: 30.944 GC heap before
{Heap before GC invocations=12 (full 0):
 garbage-first heap   total 274432K, used 221574K [0x0000000743600000, 0x0000000800000000)
  region size 2048K, 80 young (163840K), 4 survivors (8192K)
 Metaspace       used 17200K, committed 17536K, reserved 1114112K
  class space    used 2509K, committed 2688K, reserved 1048576K
}
Event: 31.021 GC heap after
{Heap after GC invocations=13 (full 0):
 garbage-first heap   total 274432K, used 65704K [0x0000000743600000, 0x0000000800000000)
  region size 2048K, 4 young (8192K), 4 survivors (8192K)
 Metaspace       used 17200K, committed 17536K, reserved 1114112K
  class space    used 2509K, committed 2688K, reserved 1048576K
}
Event: 31.837 GC heap before
{Heap before GC invocations=13 (full 0):
 garbage-first heap   total 274432K, used 245928K [0x0000000743600000, 0x0000000800000000)
  region size 2048K, 80 young (163840K), 4 survivors (8192K)
 Metaspace       used 17200K, committed 17536K, reserved 1114112K
  class space    used 2509K, committed 2688K, reserved 1048576K
}
Event: 31.960 GC heap after
{Heap after GC invocations=14 (full 0):
 garbage-first heap   total 481280K, used 90511K [0x0000000743600000, 0x0000000800000000)
  region size 2048K, 4 young (8192K), 4 survivors (8192K)
 Metaspace       used 17200K, committed 17536K, reserved 1114112K
  class space    used 2509K, committed 2688K, reserved 1048576K
}
Event: 32.267 GC heap before
{Heap before GC invocations=14 (full 0):
 garbage-first heap   total 481280K, used 135567K [0x0000000743600000, 0x0000000800000000)
  region size 2048K, 26 young (53248K), 4 survivors (8192K)
 Metaspace       used 17200K, committed 17536K, reserved 1114112K
  class space    used 2509K, committed 2688K, reserved 1048576K
}
Event: 32.364 GC heap after
{Heap after GC invocations=15 (full 0):
 garbage-first heap   total 481280K, used 90338K [0x0000000743600000, 0x0000000800000000)
  region size 2048K, 2 young (4096K), 2 survivors (4096K)
 Metaspace       used 17200K, committed 17536K, reserved 1114112K
  class space    used 2509K, committed 2688K, reserved 1048576K
}
Event: 33.905 GC heap before
{Heap before GC invocations=15 (full 0):
 garbage-first heap   total 481280K, used 375010K [0x0000000743600000, 0x0000000800000000)
  region size 2048K, 141 young (288768K), 2 survivors (4096K)
 Metaspace       used 17200K, committed 17536K, reserved 1114112K
  class space    used 2509K, committed 2688K, reserved 1048576K
}
Event: 34.010 GC heap after
{Heap after GC invocations=16 (full 0):
 garbage-first heap   total 481280K, used 89695K [0x0000000743600000, 0x0000000800000000)
  region size 2048K, 2 young (4096K), 2 survivors (4096K)
 Metaspace       used 17200K, committed 17536K, reserved 1114112K
  class space    used 2509K, committed 2688K, reserved 1048576K
}
Event: 34.615 GC heap before
{Heap before GC invocations=16 (full 0):
 garbage-first heap   total 481280K, used 237151K [0x0000000743600000, 0x0000000800000000)
  region size 2048K, 56 young (114688K), 2 survivors (4096K)
 Metaspace       used 17200K, committed 17536K, reserved 1114112K
  class space    used 2509K, committed 2688K, reserved 1048576K
}
Event: 34.767 GC heap after
{Heap after GC invocations=17 (full 0):
 garbage-first heap   total 481280K, used 126595K [0x0000000743600000, 0x0000000800000000)
  region size 2048K, 2 young (4096K), 2 survivors (4096K)
 Metaspace       used 17200K, committed 17536K, reserved 1114112K
  class space    used 2509K, committed 2688K, reserved 1048576K
}
Event: 35.083 GC heap before
{Heap before GC invocations=17 (full 0):
 garbage-first heap   total 481280K, used 161411K [0x0000000743600000, 0x0000000800000000)
  region size 2048K, 19 young (38912K), 2 survivors (4096K)
 Metaspace       used 17200K, committed 17536K, reserved 1114112K
  class space    used 2509K, committed 2688K, reserved 1048576K
}

