# JRE version: OpenJDK Runtime Environment (18.0.2.1+1) (build 18.0.2.1+1-1)
# Java VM: OpenJDK 64-Bit Server VM (18.0.2.1+1-1, mixed mode, sharing, tiered, compressed oops, compressed class ptrs, g1 gc, windows-amd64)
GC Precious Log:
 CardTable entry size: 512
 Card Set container configuration: InlinePtr #cards 4 size 8 Array Of Cards #cards 16 size 48 Howl #buckets 8 coarsen threshold 3686 Howl Bitmap #cards 512 size 80 coarsen threshold 460 Card regions per heap region 1 cards per card region 4096
 CPUs: 8 total, 8 available
 Memory: 12069M
 Large Page Support: Disabled
 NUMA Support: Disabled
 Compressed Oops: Enabled (Zero based)
 Heap Region Size: 2M
 Heap Min Capacity: 8M
 Heap Initial Capacity: 190M
 Heap Max Capacity: 3018M
 Pre-touch: Disabled
 Parallel Workers: 8
 Concurrent Workers: 2
 Concurrent Refinement Workers: 8
 Periodic GC: Disabled
Heap:
 garbage-first heap   total 757760K, used 89069K [0x0000000743600000, 0x0000000800000000)
  region size 2048K, 1 young (2048K), 1 survivors (2048K)
 Metaspace       used 16497K, committed 16768K, reserved 1114112K
  class space    used 2498K, committed 2624K, reserved 1048576K
GC Heap History (20 events):
Event: 16.232 GC heap after
{Heap after GC invocations=7 (full 0):
 garbage-first heap   total 194560K, used 36392K [0x0000000743600000, 0x0000000800000000)
  region size 2048K, 4 young (8192K), 4 survivors (8192K)
 Metaspace       used 16497K, committed 16768K, reserved 1114112K
  class space    used 2498K, committed 2624K, reserved 1048576K
}
Event: 16.540 GC heap before
{Heap before GC invocations=7 (full 0):
 garbage-first heap   total 194560K, used 116264K [0x0000000743600000, 0x0000000800000000)
  region size 2048K, 37 young (75776K), 4 survivors (8192K)
 Metaspace       used 16497K, committed 16768K, reserved 1114112K
  class space    used 2498K, committed 2624K, reserved 1048576K
}
Event: 16.593 GC heap after
{Heap after GC invocations=8 (full 0):
 garbage-first heap   total 194560K, used 48693K [0x0000000743600000, 0x0000000800000000)
  region size 2048K, 2 young (4096K), 2 survivors (4096K)
 Metaspace       used 16497K, committed 16768K, reserved 1114112K
  class space    used 2498K, committed 2624K, reserved 1048576K
}
Event: 17.108 GC heap before
{Heap before GC invocations=8 (full 0):
 garbage-first heap   total 194560K, used 161333K [0x0000000743600000, 0x0000000800000000)
  region size 2048K, 57 young (116736K), 2 survivors (4096K)
 Metaspace       used 16497K, committed 16768K, reserved 1114112K
  class space    used 2498K, committed 2624K, reserved 1048576K
}
Event: 17.161 GC heap after
{Heap after GC invocations=9 (full 0):
 garbage-first heap   total 356352K, used 48455K [0x0000000743600000, 0x0000000800000000)
  region size 2048K, 2 young (4096K), 2 survivors (4096K)
 Metaspace       used 16497K, committed 16768K, reserved 1114112K
  class space    used 2498K, committed 2624K, reserved 1048576K
}
Event: 17.466 GC heap before
{Heap before GC invocations=9 (full 0):
 garbage-first heap   total 356352K, used 118087K [0x0000000743600000, 0x0000000800000000)
  region size 2048K, 28 young (57344K), 2 survivors (4096K)
 Metaspace       used 16497K, committed 16768K, reserved 1114112K
  class space    used 2498K, committed 2624K, reserved 1048576K
}
Event: 17.529 GC heap after
{Heap after GC invocations=10 (full 0):
 garbage-first heap   total 356352K, used 64571K [0x0000000743600000, 0x0000000800000000)
  region size 2048K, 1 young (2048K), 1 survivors (2048K)
 Metaspace       used 16497K, committed 16768K, reserved 1114112K
  class space    used 2498K, committed 2624K, reserved 1048576K
}
Event: 17.832 GC heap before
{Heap before GC invocations=10 (full 0):
 garbage-first heap   total 356352K, used 126011K [0x0000000743600000, 0x0000000800000000)
  region size 2048K, 31 young (63488K), 1 survivors (2048K)
 Metaspace       used 16497K, committed 16768K, reserved 1114112K
  class space    used 2498K, committed 2624K, reserved 1048576K
}
Event: 17.894 GC heap after
{Heap after GC invocations=11 (full 0):
 garbage-first heap   total 356352K, used 64569K [0x0000000743600000, 0x0000000800000000)
  region size 2048K, 1 young (2048K), 1 survivors (2048K)
 Metaspace       used 16497K, committed 16768K, reserved 1114112K
  class space    used 2498K, committed 2624K, reserved 1048576K
}
Event: 18.197 GC heap before
{Heap before GC invocations=11 (full 0):
 garbage-first heap   total 356352K, used 128057K [0x0000000743600000, 0x0000000800000000)
  region size 2048K, 32 young (65536K), 1 survivors (2048K)
 Metaspace       used 16497K, committed 16768K, reserved 1114112K
  class space    used 2498K, committed 2624K, reserved 1048576K
}
Event: 18.262 GC heap after
{Heap after GC invocations=12 (full 0):
 garbage-first heap   total 356352K, used 64539K [0x0000000743600000, 0x0000000800000000)
  region size 2048K, 1 young (2048K), 1 survivors (2048K)
 Metaspace       used 16497K, committed 16768K, reserved 1114112K
  class space    used 2498K, committed 2624K, reserved 1048576K
}
Event: 19.172 GC heap before
{Heap before GC invocations=12 (full 0):
 garbage-first heap   total 356352K, used 273435K [0x0000000743600000, 0x0000000800000000)
  region size 2048K, 91 young (186368K), 1 survivors (2048K)
 Metaspace       used 16497K, committed 16768K, reserved 1114112K
  class space    used 2498K, committed 2624K, reserved 1048576K
}
Event: 19.265 GC heap after
{Heap after GC invocations=13 (full 0):
 garbage-first heap   total 757760K, used 89124K [0x0000000743600000, 0x0000000800000000)
  region size 2048K, 1 young (2048K), 1 survivors (2048K)
 Metaspace       used 16497K, committed 16768K, reserved 1114112K
  class space    used 2498K, committed 2624K, reserved 1048576K
}
Event: 19.568 GC heap before
{Heap before GC invocations=13 (full 0):
 garbage-first heap   total 757760K, used 142372K [0x0000000743600000, 0x0000000800000000)
  region size 2048K, 27 young (55296K), 1 survivors (2048K)
 Metaspace       used 16497K, committed 16768K, reserved 1114112K
  class space    used 2498K, committed 2624K, reserved 1048576K
}
Event: 19.664 GC heap after
{Heap after GC invocations=14 (full 0):
 garbage-first heap   total 757760K, used 89103K [0x0000000743600000, 0x0000000800000000)
  region size 2048K, 1 young (2048K), 1 survivors (2048K)
 Metaspace       used 16497K, committed 16768K, reserved 1114112K
  class space    used 2498K, committed 2624K, reserved 1048576K
}
Event: 19.970 GC heap before
{Heap before GC invocations=14 (full 0):
 garbage-first heap   total 757760K, used 138255K [0x0000000743600000, 0x0000000800000000)
  region size 2048K, 25 young (51200K), 1 survivors (2048K)
 Metaspace       used 16497K, committed 16768K, reserved 1114112K
  class space    used 2498K, committed 2624K, reserved 1048576K
}
Event: 20.063 GC heap after
{Heap after GC invocations=15 (full 0):
 garbage-first heap   total 757760K, used 89066K [0x0000000743600000, 0x0000000800000000)
  region size 2048K, 1 young (2048K), 1 survivors (2048K)
 Metaspace       used 16497K, committed 16768K, reserved 1114112K
  class space    used 2498K, committed 2624K, reserved 1048576K
}
Event: 20.366 GC heap before
{Heap before GC invocations=15 (full 0):
 garbage-first heap   total 757760K, used 146410K [0x0000000743600000, 0x0000000800000000)
  region size 2048K, 29 young (59392K), 1 survivors (2048K)
 Metaspace       used 16497K, committed 16768K, reserved 1114112K
  class space    used 2498K, committed 2624K, reserved 1048576K
}
Event: 20.464 GC heap after
{Heap after GC invocations=16 (full 0):
 garbage-first heap   total 757760K, used 89118K [0x0000000743600000, 0x0000000800000000)
  region size 2048K, 1 young (2048K), 1 survivors (2048K)
 Metaspace       used 16497K, committed 16768K, reserved 1114112K
  class space    used 2498K, committed 2624K, reserved 1048576K
}
Event: 20.768 GC heap before
{Heap before GC invocations=16 (full 0):
 garbage-first heap   total 757760K, used 146462K [0x0000000743600000, 0x0000000800000000)
  region size 2048K, 29 young (59392K), 1 survivors (2048K)
 Metaspace       used 16497K, committed 16768K, reserved 1114112K
  class space    used 2498K, committed 2624K, reserved 1048576K
}

